
**** Build of configuration Debug for project FreeRTOSDemo ****

"C:\\ti\\ccs920\\ccs\\utils\\bin\\gmake" -k -j 8 all -O 
 
Building file: "../FreeRTOS/croutine.c"
Invoking: ARM Compiler
"C:/ti/ccs920/ccs/tools/compiler/ti-cgt-arm_18.12.4.LTS/bin/armcl" -mv7M4 --code_state=16 --float_support=FPv4SPD16 -me --include_path="C:/ti/ccs920/ccs/tools/compiler/ti-cgt-arm_18.12.4.LTS/include" --include_path="C:/ti/TivaWare_C_Series-2.1.4.178" --define=ccs="ccs" --define=PART_TM4C123GH6PM -g --gcc --diag_warning=225 --diag_wrap=off --display_error_number --abi=eabi --preproc_with_compile --preproc_dependency="FreeRTOS/croutine.d_raw" --obj_directory="FreeRTOS"  "../FreeRTOS/croutine.c"
 
>> Compilation failure
FreeRTOS/subdir_rules.mk:9: recipe for target 'FreeRTOS/croutine.obj' failed
"../FreeRTOS/croutine.c", line 28: fatal error #1965: cannot open source file "FreeRTOS.h"
1 catastrophic error detected in the compilation of "../FreeRTOS/croutine.c".
Compilation terminated.
gmake: *** [FreeRTOS/croutine.obj] Error 1
Building file: "../FreeRTOS/list.c"
Invoking: ARM Compiler
"C:/ti/ccs920/ccs/tools/compiler/ti-cgt-arm_18.12.4.LTS/bin/armcl" -mv7M4 --code_state=16 --float_support=FPv4SPD16 -me --include_path="C:/ti/ccs920/ccs/tools/compiler/ti-cgt-arm_18.12.4.LTS/include" --include_path="C:/ti/TivaWare_C_Series-2.1.4.178" --define=ccs="ccs" --define=PART_TM4C123GH6PM -g --gcc --diag_warning=225 --diag_wrap=off --display_error_number --abi=eabi --preproc_with_compile --preproc_dependency="FreeRTOS/list.d_raw" --obj_directory="FreeRTOS"  "../FreeRTOS/list.c"
 
>> Compilation failure
FreeRTOS/subdir_rules.mk:9: recipe for target 'FreeRTOS/list.obj' failed
"../FreeRTOS/list.c", line 30: fatal error #1965: cannot open source file "FreeRTOS.h"
1 catastrophic error detected in the compilation of "../FreeRTOS/list.c".
Compilation terminated.
gmake: *** [FreeRTOS/list.obj] Error 1
Building file: "../FreeRTOS/event_groups.c"
Invoking: ARM Compiler
"C:/ti/ccs920/ccs/tools/compiler/ti-cgt-arm_18.12.4.LTS/bin/armcl" -mv7M4 --code_state=16 --float_support=FPv4SPD16 -me --include_path="C:/ti/ccs920/ccs/tools/compiler/ti-cgt-arm_18.12.4.LTS/include" --include_path="C:/ti/TivaWare_C_Series-2.1.4.178" --define=ccs="ccs" --define=PART_TM4C123GH6PM -g --gcc --diag_warning=225 --diag_wrap=off --display_error_number --abi=eabi --preproc_with_compile --preproc_dependency="FreeRTOS/event_groups.d_raw" --obj_directory="FreeRTOS"  "../FreeRTOS/event_groups.c"
 
>> Compilation failure
FreeRTOS/subdir_rules.mk:9: recipe for target 'FreeRTOS/event_groups.obj' failed
"../FreeRTOS/event_groups.c", line 37: fatal error #1965: cannot open source file "FreeRTOS.h"
1 catastrophic error detected in the compilation of "../FreeRTOS/event_groups.c".
Compilation terminated.
gmake: *** [FreeRTOS/event_groups.obj] Error 1
Building file: "../FreeRTOS/queue.c"
Invoking: ARM Compiler
"C:/ti/ccs920/ccs/tools/compiler/ti-cgt-arm_18.12.4.LTS/bin/armcl" -mv7M4 --code_state=16 --float_support=FPv4SPD16 -me --include_path="C:/ti/ccs920/ccs/tools/compiler/ti-cgt-arm_18.12.4.LTS/include" --include_path="C:/ti/TivaWare_C_Series-2.1.4.178" --define=ccs="ccs" --define=PART_TM4C123GH6PM -g --gcc --diag_warning=225 --diag_wrap=off --display_error_number --abi=eabi --preproc_with_compile --preproc_dependency="FreeRTOS/queue.d_raw" --obj_directory="FreeRTOS"  "../FreeRTOS/queue.c"
 
>> Compilation failure
FreeRTOS/subdir_rules.mk:9: recipe for target 'FreeRTOS/queue.obj' failed
"../FreeRTOS/queue.c", line 36: fatal error #1965: cannot open source file "FreeRTOS.h"
1 catastrophic error detected in the compilation of "../FreeRTOS/queue.c".
Compilation terminated.
gmake: *** [FreeRTOS/queue.obj] Error 1
Building file: "../FreeRTOS/stream_buffer.c"
Invoking: ARM Compiler
"C:/ti/ccs920/ccs/tools/compiler/ti-cgt-arm_18.12.4.LTS/bin/armcl" -mv7M4 --code_state=16 --float_support=FPv4SPD16 -me --include_path="C:/ti/ccs920/ccs/tools/compiler/ti-cgt-arm_18.12.4.LTS/include" --include_path="C:/ti/TivaWare_C_Series-2.1.4.178" --define=ccs="ccs" --define=PART_TM4C123GH6PM -g --gcc --diag_warning=225 --diag_wrap=off --display_error_number --abi=eabi --preproc_with_compile --preproc_dependency="FreeRTOS/stream_buffer.d_raw" --obj_directory="FreeRTOS"  "../FreeRTOS/stream_buffer.c"
 
>> Compilation failure
FreeRTOS/subdir_rules.mk:9: recipe for target 'FreeRTOS/stream_buffer.obj' failed
"../FreeRTOS/stream_buffer.c", line 38: fatal error #1965: cannot open source file "FreeRTOS.h"
1 catastrophic error detected in the compilation of "../FreeRTOS/stream_buffer.c".
Compilation terminated.
gmake: *** [FreeRTOS/stream_buffer.obj] Error 1
Building file: "../FreeRTOS/tasks.c"
Invoking: ARM Compiler
"C:/ti/ccs920/ccs/tools/compiler/ti-cgt-arm_18.12.4.LTS/bin/armcl" -mv7M4 --code_state=16 --float_support=FPv4SPD16 -me --include_path="C:/ti/ccs920/ccs/tools/compiler/ti-cgt-arm_18.12.4.LTS/include" --include_path="C:/ti/TivaWare_C_Series-2.1.4.178" --define=ccs="ccs" --define=PART_TM4C123GH6PM -g --gcc --diag_warning=225 --diag_wrap=off --display_error_number --abi=eabi --preproc_with_compile --preproc_dependency="FreeRTOS/tasks.d_raw" --obj_directory="FreeRTOS"  "../FreeRTOS/tasks.c"
 
>> Compilation failure
FreeRTOS/subdir_rules.mk:9: recipe for target 'FreeRTOS/tasks.obj' failed
"../FreeRTOS/tasks.c", line 38: fatal error #1965: cannot open source file "FreeRTOS.h"
1 catastrophic error detected in the compilation of "../FreeRTOS/tasks.c".
Compilation terminated.
gmake: *** [FreeRTOS/tasks.obj] Error 1
Building file: "../FreeRTOS/timers.c"
Invoking: ARM Compiler
"C:/ti/ccs920/ccs/tools/compiler/ti-cgt-arm_18.12.4.LTS/bin/armcl" -mv7M4 --code_state=16 --float_support=FPv4SPD16 -me --include_path="C:/ti/ccs920/ccs/tools/compiler/ti-cgt-arm_18.12.4.LTS/include" --include_path="C:/ti/TivaWare_C_Series-2.1.4.178" --define=ccs="ccs" --define=PART_TM4C123GH6PM -g --gcc --diag_warning=225 --diag_wrap=off --display_error_number --abi=eabi --preproc_with_compile --preproc_dependency="FreeRTOS/timers.d_raw" --obj_directory="FreeRTOS"  "../FreeRTOS/timers.c"
 
>> Compilation failure
FreeRTOS/subdir_rules.mk:9: recipe for target 'FreeRTOS/timers.obj' failed
"../FreeRTOS/timers.c", line 36: fatal error #1965: cannot open source file "FreeRTOS.h"
1 catastrophic error detected in the compilation of "../FreeRTOS/timers.c".
Compilation terminated.
gmake: *** [FreeRTOS/timers.obj] Error 1
Building file: "../FreeRTOS/portable/CCS/ARM_CM4F/port.c"
Invoking: ARM Compiler
"C:/ti/ccs920/ccs/tools/compiler/ti-cgt-arm_18.12.4.LTS/bin/armcl" -mv7M4 --code_state=16 --float_support=FPv4SPD16 -me --include_path="C:/ti/ccs920/ccs/tools/compiler/ti-cgt-arm_18.12.4.LTS/include" --include_path="C:/ti/TivaWare_C_Series-2.1.4.178" --define=ccs="ccs" --define=PART_TM4C123GH6PM -g --gcc --diag_warning=225 --diag_wrap=off --display_error_number --abi=eabi --preproc_with_compile --preproc_dependency="FreeRTOS/portable/CCS/ARM_CM4F/port.d_raw" --obj_directory="FreeRTOS/portable/CCS/ARM_CM4F"  "../FreeRTOS/portable/CCS/ARM_CM4F/port.c"
 
>> Compilation failure
FreeRTOS/portable/CCS/ARM_CM4F/subdir_rules.mk:9: recipe for target 'FreeRTOS/portable/CCS/ARM_CM4F/port.obj' failed
"../FreeRTOS/portable/CCS/ARM_CM4F/port.c", line 33: fatal error #1965: cannot open source file "FreeRTOS.h"
1 catastrophic error detected in the compilation of "../FreeRTOS/portable/CCS/ARM_CM4F/port.c".
Compilation terminated.
gmake: *** [FreeRTOS/portable/CCS/ARM_CM4F/port.obj] Error 1
Building file: "../FreeRTOS/portable/MemMang/heap_2.c"
Invoking: ARM Compiler
"C:/ti/ccs920/ccs/tools/compiler/ti-cgt-arm_18.12.4.LTS/bin/armcl" -mv7M4 --code_state=16 --float_support=FPv4SPD16 -me --include_path="C:/ti/ccs920/ccs/tools/compiler/ti-cgt-arm_18.12.4.LTS/include" --include_path="C:/ti/TivaWare_C_Series-2.1.4.178" --define=ccs="ccs" --define=PART_TM4C123GH6PM -g --gcc --diag_warning=225 --diag_wrap=off --display_error_number --abi=eabi --preproc_with_compile --preproc_dependency="FreeRTOS/portable/MemMang/heap_2.d_raw" --obj_directory="FreeRTOS/portable/MemMang"  "../FreeRTOS/portable/MemMang/heap_2.c"
 
>> Compilation failure
FreeRTOS/portable/MemMang/subdir_rules.mk:9: recipe for target 'FreeRTOS/portable/MemMang/heap_2.obj' failed
"../FreeRTOS/portable/MemMang/heap_2.c", line 44: fatal error #1965: cannot open source file "FreeRTOS.h"
1 catastrophic error detected in the compilation of "../FreeRTOS/portable/MemMang/heap_2.c".
Compilation terminated.
gmake: *** [FreeRTOS/portable/MemMang/heap_2.obj] Error 1
Building file: "../main.c"
Invoking: ARM Compiler
"C:/ti/ccs920/ccs/tools/compiler/ti-cgt-arm_18.12.4.LTS/bin/armcl" -mv7M4 --code_state=16 --float_support=FPv4SPD16 -me --include_path="C:/ti/ccs920/ccs/tools/compiler/ti-cgt-arm_18.12.4.LTS/include" --include_path="C:/ti/TivaWare_C_Series-2.1.4.178" --define=ccs="ccs" --define=PART_TM4C123GH6PM -g --gcc --diag_warning=225 --diag_wrap=off --display_error_number --abi=eabi --preproc_with_compile --preproc_dependency="main.d_raw"  "../main.c"
 
>> Compilation failure
subdir_rules.mk:9: recipe for target 'main.obj' failed
"../main.c", line 15: fatal error #1965: cannot open source file "FreeRTOS.h"
1 catastrophic error detected in the compilation of "../main.c".
Compilation terminated.
gmake: *** [main.obj] Error 1
Building file: "../FreeRTOS/portable/CCS/ARM_CM4F/portasm.asm"
Invoking: ARM Compiler
"C:/ti/ccs920/ccs/tools/compiler/ti-cgt-arm_18.12.4.LTS/bin/armcl" -mv7M4 --code_state=16 --float_support=FPv4SPD16 -me --include_path="C:/ti/ccs920/ccs/tools/compiler/ti-cgt-arm_18.12.4.LTS/include" --include_path="C:/ti/TivaWare_C_Series-2.1.4.178" --define=ccs="ccs" --define=PART_TM4C123GH6PM -g --gcc --diag_warning=225 --diag_wrap=off --display_error_number --abi=eabi --preproc_with_compile --preproc_dependency="FreeRTOS/portable/CCS/ARM_CM4F/portasm.d_raw" --obj_directory="FreeRTOS/portable/CCS/ARM_CM4F"  "../FreeRTOS/portable/CCS/ARM_CM4F/portasm.asm"
Finished building: "../FreeRTOS/portable/CCS/ARM_CM4F/portasm.asm"
 
Building file: "../tm4c123gh6pm_startup_ccs.c"
Invoking: ARM Compiler
"C:/ti/ccs920/ccs/tools/compiler/ti-cgt-arm_18.12.4.LTS/bin/armcl" -mv7M4 --code_state=16 --float_support=FPv4SPD16 -me --include_path="C:/ti/ccs920/ccs/tools/compiler/ti-cgt-arm_18.12.4.LTS/include" --include_path="C:/ti/TivaWare_C_Series-2.1.4.178" --define=ccs="ccs" --define=PART_TM4C123GH6PM -g --gcc --diag_warning=225 --diag_wrap=off --display_error_number --abi=eabi --preproc_with_compile --preproc_dependency="tm4c123gh6pm_startup_ccs.d_raw"  "../tm4c123gh6pm_startup_ccs.c"
Finished building: "../tm4c123gh6pm_startup_ccs.c"
 
Building file: "../ence464-tivaware-freertos-example-master/ence464-tivaware-freertos-example-master/tm4c123gh6pm_startup_ccs.c"
Invoking: ARM Compiler
"C:/ti/ccs920/ccs/tools/compiler/ti-cgt-arm_18.12.4.LTS/bin/armcl" -mv7M4 --code_state=16 --float_support=FPv4SPD16 -me --include_path="C:/ti/ccs920/ccs/tools/compiler/ti-cgt-arm_18.12.4.LTS/include" --include_path="C:/ti/TivaWare_C_Series-2.1.4.178" --define=ccs="ccs" --define=PART_TM4C123GH6PM -g --gcc --diag_warning=225 --diag_wrap=off --display_error_number --abi=eabi --preproc_with_compile --preproc_dependency="ence464-tivaware-freertos-example-master/ence464-tivaware-freertos-example-master/tm4c123gh6pm_startup_ccs.d_raw" --obj_directory="ence464-tivaware-freertos-example-master/ence464-tivaware-freertos-example-master"  "../ence464-tivaware-freertos-example-master/ence464-tivaware-freertos-example-master/tm4c123gh6pm_startup_ccs.c"
Finished building: "../ence464-tivaware-freertos-example-master/ence464-tivaware-freertos-example-master/tm4c123gh6pm_startup_ccs.c"
 
gmake: Target 'all' not remade because of errors.

**** Build Finished ****

**** Build of configuration Debug for project FreeRTOSDemo ****

"C:\\ti\\ccs920\\ccs\\utils\\bin\\gmake" -k -j 8 all -O 
 
Building file: "../croutine.c"
Invoking: ARM Compiler
"C:/ti/ccs920/ccs/tools/compiler/ti-cgt-arm_18.12.4.LTS/bin/armcl" -mv7M4 --code_state=16 --float_support=FPv4SPD16 -me --include_path="C:/ti/ccs920/ccs/tools/compiler/ti-cgt-arm_18.12.4.LTS/include" --include_path="C:/ti/TivaWare_C_Series-2.1.4.178" --define=ccs="ccs" --define=PART_TM4C123GH6PM -g --gcc --diag_warning=225 --diag_wrap=off --display_error_number --abi=eabi --preproc_with_compile --preproc_dependency="croutine.d_raw"  "../croutine.c"
 
>> Compilation failure
subdir_rules.mk:9: recipe for target 'croutine.obj' failed
"../croutine.c", line 28: fatal error #1965: cannot open source file "FreeRTOS.h"
1 catastrophic error detected in the compilation of "../croutine.c".
Compilation terminated.
gmake: *** [croutine.obj] Error 1
Building file: "../event_groups.c"
Invoking: ARM Compiler
"C:/ti/ccs920/ccs/tools/compiler/ti-cgt-arm_18.12.4.LTS/bin/armcl" -mv7M4 --code_state=16 --float_support=FPv4SPD16 -me --include_path="C:/ti/ccs920/ccs/tools/compiler/ti-cgt-arm_18.12.4.LTS/include" --include_path="C:/ti/TivaWare_C_Series-2.1.4.178" --define=ccs="ccs" --define=PART_TM4C123GH6PM -g --gcc --diag_warning=225 --diag_wrap=off --display_error_number --abi=eabi --preproc_with_compile --preproc_dependency="event_groups.d_raw"  "../event_groups.c"
 
>> Compilation failure
subdir_rules.mk:9: recipe for target 'event_groups.obj' failed
"../event_groups.c", line 37: fatal error #1965: cannot open source file "FreeRTOS.h"
1 catastrophic error detected in the compilation of "../event_groups.c".
Compilation terminated.
gmake: *** [event_groups.obj] Error 1
Building file: "../list.c"
Invoking: ARM Compiler
"C:/ti/ccs920/ccs/tools/compiler/ti-cgt-arm_18.12.4.LTS/bin/armcl" -mv7M4 --code_state=16 --float_support=FPv4SPD16 -me --include_path="C:/ti/ccs920/ccs/tools/compiler/ti-cgt-arm_18.12.4.LTS/include" --include_path="C:/ti/TivaWare_C_Series-2.1.4.178" --define=ccs="ccs" --define=PART_TM4C123GH6PM -g --gcc --diag_warning=225 --diag_wrap=off --display_error_number --abi=eabi --preproc_with_compile --preproc_dependency="list.d_raw"  "../list.c"
 
>> Compilation failure
subdir_rules.mk:9: recipe for target 'list.obj' failed
"../list.c", line 30: fatal error #1965: cannot open source file "FreeRTOS.h"
1 catastrophic error detected in the compilation of "../list.c".
Compilation terminated.
gmake: *** [list.obj] Error 1
Building file: "../queue.c"
Invoking: ARM Compiler
"C:/ti/ccs920/ccs/tools/compiler/ti-cgt-arm_18.12.4.LTS/bin/armcl" -mv7M4 --code_state=16 --float_support=FPv4SPD16 -me --include_path="C:/ti/ccs920/ccs/tools/compiler/ti-cgt-arm_18.12.4.LTS/include" --include_path="C:/ti/TivaWare_C_Series-2.1.4.178" --define=ccs="ccs" --define=PART_TM4C123GH6PM -g --gcc --diag_warning=225 --diag_wrap=off --display_error_number --abi=eabi --preproc_with_compile --preproc_dependency="queue.d_raw"  "../queue.c"
 
>> Compilation failure
subdir_rules.mk:9: recipe for target 'queue.obj' failed
"../queue.c", line 36: fatal error #1965: cannot open source file "FreeRTOS.h"
1 catastrophic error detected in the compilation of "../queue.c".
Compilation terminated.
gmake: *** [queue.obj] Error 1
Building file: "../main.c"
Invoking: ARM Compiler
"C:/ti/ccs920/ccs/tools/compiler/ti-cgt-arm_18.12.4.LTS/bin/armcl" -mv7M4 --code_state=16 --float_support=FPv4SPD16 -me --include_path="C:/ti/ccs920/ccs/tools/compiler/ti-cgt-arm_18.12.4.LTS/include" --include_path="C:/ti/TivaWare_C_Series-2.1.4.178" --define=ccs="ccs" --define=PART_TM4C123GH6PM -g --gcc --diag_warning=225 --diag_wrap=off --display_error_number --abi=eabi --preproc_with_compile --preproc_dependency="main.d_raw"  "../main.c"
 
>> Compilation failure
subdir_rules.mk:9: recipe for target 'main.obj' failed
"../main.c", line 15: fatal error #1965: cannot open source file "FreeRTOS.h"
1 catastrophic error detected in the compilation of "../main.c".
Compilation terminated.
gmake: *** [main.obj] Error 1
Building file: "../stream_buffer.c"
Invoking: ARM Compiler
"C:/ti/ccs920/ccs/tools/compiler/ti-cgt-arm_18.12.4.LTS/bin/armcl" -mv7M4 --code_state=16 --float_support=FPv4SPD16 -me --include_path="C:/ti/ccs920/ccs/tools/compiler/ti-cgt-arm_18.12.4.LTS/include" --include_path="C:/ti/TivaWare_C_Series-2.1.4.178" --define=ccs="ccs" --define=PART_TM4C123GH6PM -g --gcc --diag_warning=225 --diag_wrap=off --display_error_number --abi=eabi --preproc_with_compile --preproc_dependency="stream_buffer.d_raw"  "../stream_buffer.c"
 
>> Compilation failure
subdir_rules.mk:9: recipe for target 'stream_buffer.obj' failed
"../stream_buffer.c", line 38: fatal error #1965: cannot open source file "FreeRTOS.h"
1 catastrophic error detected in the compilation of "../stream_buffer.c".
Compilation terminated.
gmake: *** [stream_buffer.obj] Error 1
Building file: "../tasks.c"
Invoking: ARM Compiler
"C:/ti/ccs920/ccs/tools/compiler/ti-cgt-arm_18.12.4.LTS/bin/armcl" -mv7M4 --code_state=16 --float_support=FPv4SPD16 -me --include_path="C:/ti/ccs920/ccs/tools/compiler/ti-cgt-arm_18.12.4.LTS/include" --include_path="C:/ti/TivaWare_C_Series-2.1.4.178" --define=ccs="ccs" --define=PART_TM4C123GH6PM -g --gcc --diag_warning=225 --diag_wrap=off --display_error_number --abi=eabi --preproc_with_compile --preproc_dependency="tasks.d_raw"  "../tasks.c"
 
>> Compilation failure
subdir_rules.mk:9: recipe for target 'tasks.obj' failed
"../tasks.c", line 38: fatal error #1965: cannot open source file "FreeRTOS.h"
1 catastrophic error detected in the compilation of "../tasks.c".
Compilation terminated.
gmake: *** [tasks.obj] Error 1
Building file: "../timers.c"
Invoking: ARM Compiler
"C:/ti/ccs920/ccs/tools/compiler/ti-cgt-arm_18.12.4.LTS/bin/armcl" -mv7M4 --code_state=16 --float_support=FPv4SPD16 -me --include_path="C:/ti/ccs920/ccs/tools/compiler/ti-cgt-arm_18.12.4.LTS/include" --include_path="C:/ti/TivaWare_C_Series-2.1.4.178" --define=ccs="ccs" --define=PART_TM4C123GH6PM -g --gcc --diag_warning=225 --diag_wrap=off --display_error_number --abi=eabi --preproc_with_compile --preproc_dependency="timers.d_raw"  "../timers.c"
 
>> Compilation failure
subdir_rules.mk:9: recipe for target 'timers.obj' failed
"../timers.c", line 36: fatal error #1965: cannot open source file "FreeRTOS.h"
1 catastrophic error detected in the compilation of "../timers.c".
Compilation terminated.
gmake: *** [timers.obj] Error 1
Building file: "../portable/CCS/ARM_CM4F/port.c"
Invoking: ARM Compiler
"C:/ti/ccs920/ccs/tools/compiler/ti-cgt-arm_18.12.4.LTS/bin/armcl" -mv7M4 --code_state=16 --float_support=FPv4SPD16 -me --include_path="C:/ti/ccs920/ccs/tools/compiler/ti-cgt-arm_18.12.4.LTS/include" --include_path="C:/ti/TivaWare_C_Series-2.1.4.178" --define=ccs="ccs" --define=PART_TM4C123GH6PM -g --gcc --diag_warning=225 --diag_wrap=off --display_error_number --abi=eabi --preproc_with_compile --preproc_dependency="portable/CCS/ARM_CM4F/port.d_raw" --obj_directory="portable/CCS/ARM_CM4F"  "../portable/CCS/ARM_CM4F/port.c"
 
>> Compilation failure
portable/CCS/ARM_CM4F/subdir_rules.mk:9: recipe for target 'portable/CCS/ARM_CM4F/port.obj' failed
"../portable/CCS/ARM_CM4F/port.c", line 33: fatal error #1965: cannot open source file "FreeRTOS.h"
1 catastrophic error detected in the compilation of "../portable/CCS/ARM_CM4F/port.c".
Compilation terminated.
gmake: *** [portable/CCS/ARM_CM4F/port.obj] Error 1
Building file: "../portable/MemMang/heap_2.c"
Invoking: ARM Compiler
"C:/ti/ccs920/ccs/tools/compiler/ti-cgt-arm_18.12.4.LTS/bin/armcl" -mv7M4 --code_state=16 --float_support=FPv4SPD16 -me --include_path="C:/ti/ccs920/ccs/tools/compiler/ti-cgt-arm_18.12.4.LTS/include" --include_path="C:/ti/TivaWare_C_Series-2.1.4.178" --define=ccs="ccs" --define=PART_TM4C123GH6PM -g --gcc --diag_warning=225 --diag_wrap=off --display_error_number --abi=eabi --preproc_with_compile --preproc_dependency="portable/MemMang/heap_2.d_raw" --obj_directory="portable/MemMang"  "../portable/MemMang/heap_2.c"
 
>> Compilation failure
portable/MemMang/subdir_rules.mk:9: recipe for target 'portable/MemMang/heap_2.obj' failed
"../portable/MemMang/heap_2.c", line 44: fatal error #1965: cannot open source file "FreeRTOS.h"
1 catastrophic error detected in the compilation of "../portable/MemMang/heap_2.c".
Compilation terminated.
gmake: *** [portable/MemMang/heap_2.obj] Error 1
Building file: "../portable/CCS/ARM_CM4F/portasm.asm"
Invoking: ARM Compiler
"C:/ti/ccs920/ccs/tools/compiler/ti-cgt-arm_18.12.4.LTS/bin/armcl" -mv7M4 --code_state=16 --float_support=FPv4SPD16 -me --include_path="C:/ti/ccs920/ccs/tools/compiler/ti-cgt-arm_18.12.4.LTS/include" --include_path="C:/ti/TivaWare_C_Series-2.1.4.178" --define=ccs="ccs" --define=PART_TM4C123GH6PM -g --gcc --diag_warning=225 --diag_wrap=off --display_error_number --abi=eabi --preproc_with_compile --preproc_dependency="portable/CCS/ARM_CM4F/portasm.d_raw" --obj_directory="portable/CCS/ARM_CM4F"  "../portable/CCS/ARM_CM4F/portasm.asm"
Finished building: "../portable/CCS/ARM_CM4F/portasm.asm"
 
gmake: Target 'all' not remade because of errors.

**** Build Finished ****

**** Build of configuration Debug for project heli ****

"C:\\ti\\ccs920\\ccs\\utils\\bin\\gmake" -k -j 8 all -O 
 
Building file: "../FreeRTOS/croutine.c"
Invoking: ARM Compiler
"C:/ti/ccs920/ccs/tools/compiler/ti-cgt-arm_18.12.4.LTS/bin/armcl" -mv7M4 --code_state=16 --float_support=FPv4SPD16 -me --include_path="P:/My Documents/Third Pro/ENCE464/heli" --include_path="C:/ti/ccs920/ccs/tools/compiler/ti-cgt-arm_18.12.4.LTS/include" --define=ccs="ccs" --define=PART_TM4C123GH6PM -g --gcc --diag_warning=225 --diag_wrap=off --display_error_number --abi=eabi --preproc_with_compile --preproc_dependency="FreeRTOS/croutine.d_raw" --obj_directory="FreeRTOS"  "../FreeRTOS/croutine.c"
 
>> Compilation failure
FreeRTOS/subdir_rules.mk:9: recipe for target 'FreeRTOS/croutine.obj' failed
"../FreeRTOS/croutine.c", line 28: fatal error #1965: cannot open source file "FreeRTOS.h"
1 catastrophic error detected in the compilation of "../FreeRTOS/croutine.c".
Compilation terminated.
gmake: *** [FreeRTOS/croutine.obj] Error 1
Building file: "../main.c"
Invoking: ARM Compiler
"C:/ti/ccs920/ccs/tools/compiler/ti-cgt-arm_18.12.4.LTS/bin/armcl" -mv7M4 --code_state=16 --float_support=FPv4SPD16 -me --include_path="P:/My Documents/Third Pro/ENCE464/heli" --include_path="C:/ti/ccs920/ccs/tools/compiler/ti-cgt-arm_18.12.4.LTS/include" --define=ccs="ccs" --define=PART_TM4C123GH6PM -g --gcc --diag_warning=225 --diag_wrap=off --display_error_number --abi=eabi --preproc_with_compile --preproc_dependency="main.d_raw"  "../main.c"
 
>> Compilation failure
subdir_rules.mk:9: recipe for target 'main.obj' failed
"../main.c", line 7: fatal error #1965: cannot open source file "inc/hw_memmap.h"
1 catastrophic error detected in the compilation of "../main.c".
Compilation terminated.
gmake: *** [main.obj] Error 1
Building file: "../FreeRTOS/event_groups.c"
Invoking: ARM Compiler
"C:/ti/ccs920/ccs/tools/compiler/ti-cgt-arm_18.12.4.LTS/bin/armcl" -mv7M4 --code_state=16 --float_support=FPv4SPD16 -me --include_path="P:/My Documents/Third Pro/ENCE464/heli" --include_path="C:/ti/ccs920/ccs/tools/compiler/ti-cgt-arm_18.12.4.LTS/include" --define=ccs="ccs" --define=PART_TM4C123GH6PM -g --gcc --diag_warning=225 --diag_wrap=off --display_error_number --abi=eabi --preproc_with_compile --preproc_dependency="FreeRTOS/event_groups.d_raw" --obj_directory="FreeRTOS"  "../FreeRTOS/event_groups.c"
 
>> Compilation failure
FreeRTOS/subdir_rules.mk:9: recipe for target 'FreeRTOS/event_groups.obj' failed
"../FreeRTOS/event_groups.c", line 37: fatal error #1965: cannot open source file "FreeRTOS.h"
1 catastrophic error detected in the compilation of "../FreeRTOS/event_groups.c".
Compilation terminated.
gmake: *** [FreeRTOS/event_groups.obj] Error 1
Building file: "../FreeRTOS/list.c"
Invoking: ARM Compiler
"C:/ti/ccs920/ccs/tools/compiler/ti-cgt-arm_18.12.4.LTS/bin/armcl" -mv7M4 --code_state=16 --float_support=FPv4SPD16 -me --include_path="P:/My Documents/Third Pro/ENCE464/heli" --include_path="C:/ti/ccs920/ccs/tools/compiler/ti-cgt-arm_18.12.4.LTS/include" --define=ccs="ccs" --define=PART_TM4C123GH6PM -g --gcc --diag_warning=225 --diag_wrap=off --display_error_number --abi=eabi --preproc_with_compile --preproc_dependency="FreeRTOS/list.d_raw" --obj_directory="FreeRTOS"  "../FreeRTOS/list.c"
 
>> Compilation failure
FreeRTOS/subdir_rules.mk:9: recipe for target 'FreeRTOS/list.obj' failed
"../FreeRTOS/list.c", line 30: fatal error #1965: cannot open source file "FreeRTOS.h"
1 catastrophic error detected in the compilation of "../FreeRTOS/list.c".
Compilation terminated.
gmake: *** [FreeRTOS/list.obj] Error 1
Building file: "../FreeRTOS/queue.c"
Invoking: ARM Compiler
"C:/ti/ccs920/ccs/tools/compiler/ti-cgt-arm_18.12.4.LTS/bin/armcl" -mv7M4 --code_state=16 --float_support=FPv4SPD16 -me --include_path="P:/My Documents/Third Pro/ENCE464/heli" --include_path="C:/ti/ccs920/ccs/tools/compiler/ti-cgt-arm_18.12.4.LTS/include" --define=ccs="ccs" --define=PART_TM4C123GH6PM -g --gcc --diag_warning=225 --diag_wrap=off --display_error_number --abi=eabi --preproc_with_compile --preproc_dependency="FreeRTOS/queue.d_raw" --obj_directory="FreeRTOS"  "../FreeRTOS/queue.c"
 
>> Compilation failure
FreeRTOS/subdir_rules.mk:9: recipe for target 'FreeRTOS/queue.obj' failed
"../FreeRTOS/queue.c", line 36: fatal error #1965: cannot open source file "FreeRTOS.h"
1 catastrophic error detected in the compilation of "../FreeRTOS/queue.c".
Compilation terminated.
gmake: *** [FreeRTOS/queue.obj] Error 1
Building file: "../FreeRTOS/stream_buffer.c"
Invoking: ARM Compiler
"C:/ti/ccs920/ccs/tools/compiler/ti-cgt-arm_18.12.4.LTS/bin/armcl" -mv7M4 --code_state=16 --float_support=FPv4SPD16 -me --include_path="P:/My Documents/Third Pro/ENCE464/heli" --include_path="C:/ti/ccs920/ccs/tools/compiler/ti-cgt-arm_18.12.4.LTS/include" --define=ccs="ccs" --define=PART_TM4C123GH6PM -g --gcc --diag_warning=225 --diag_wrap=off --display_error_number --abi=eabi --preproc_with_compile --preproc_dependency="FreeRTOS/stream_buffer.d_raw" --obj_directory="FreeRTOS"  "../FreeRTOS/stream_buffer.c"
 
>> Compilation failure
FreeRTOS/subdir_rules.mk:9: recipe for target 'FreeRTOS/stream_buffer.obj' failed
"../FreeRTOS/stream_buffer.c", line 38: fatal error #1965: cannot open source file "FreeRTOS.h"
1 catastrophic error detected in the compilation of "../FreeRTOS/stream_buffer.c".
Compilation terminated.
gmake: *** [FreeRTOS/stream_buffer.obj] Error 1
Building file: "../FreeRTOS/tasks.c"
Invoking: ARM Compiler
"C:/ti/ccs920/ccs/tools/compiler/ti-cgt-arm_18.12.4.LTS/bin/armcl" -mv7M4 --code_state=16 --float_support=FPv4SPD16 -me --include_path="P:/My Documents/Third Pro/ENCE464/heli" --include_path="C:/ti/ccs920/ccs/tools/compiler/ti-cgt-arm_18.12.4.LTS/include" --define=ccs="ccs" --define=PART_TM4C123GH6PM -g --gcc --diag_warning=225 --diag_wrap=off --display_error_number --abi=eabi --preproc_with_compile --preproc_dependency="FreeRTOS/tasks.d_raw" --obj_directory="FreeRTOS"  "../FreeRTOS/tasks.c"
 
>> Compilation failure
FreeRTOS/subdir_rules.mk:9: recipe for target 'FreeRTOS/tasks.obj' failed
"../FreeRTOS/tasks.c", line 38: fatal error #1965: cannot open source file "FreeRTOS.h"
1 catastrophic error detected in the compilation of "../FreeRTOS/tasks.c".
Compilation terminated.
gmake: *** [FreeRTOS/tasks.obj] Error 1
Building file: "../tm4c123gh6pm_startup_ccs.c"
Invoking: ARM Compiler
"C:/ti/ccs920/ccs/tools/compiler/ti-cgt-arm_18.12.4.LTS/bin/armcl" -mv7M4 --code_state=16 --float_support=FPv4SPD16 -me --include_path="P:/My Documents/Third Pro/ENCE464/heli" --include_path="C:/ti/ccs920/ccs/tools/compiler/ti-cgt-arm_18.12.4.LTS/include" --define=ccs="ccs" --define=PART_TM4C123GH6PM -g --gcc --diag_warning=225 --diag_wrap=off --display_error_number --abi=eabi --preproc_with_compile --preproc_dependency="tm4c123gh6pm_startup_ccs.d_raw"  "../tm4c123gh6pm_startup_ccs.c"
Finished building: "../tm4c123gh6pm_startup_ccs.c"
 
Building file: "../FreeRTOS/timers.c"
Invoking: ARM Compiler
"C:/ti/ccs920/ccs/tools/compiler/ti-cgt-arm_18.12.4.LTS/bin/armcl" -mv7M4 --code_state=16 --float_support=FPv4SPD16 -me --include_path="P:/My Documents/Third Pro/ENCE464/heli" --include_path="C:/ti/ccs920/ccs/tools/compiler/ti-cgt-arm_18.12.4.LTS/include" --define=ccs="ccs" --define=PART_TM4C123GH6PM -g --gcc --diag_warning=225 --diag_wrap=off --display_error_number --abi=eabi --preproc_with_compile --preproc_dependency="FreeRTOS/timers.d_raw" --obj_directory="FreeRTOS"  "../FreeRTOS/timers.c"
 
>> Compilation failure
FreeRTOS/subdir_rules.mk:9: recipe for target 'FreeRTOS/timers.obj' failed
"../FreeRTOS/timers.c", line 36: fatal error #1965: cannot open source file "FreeRTOS.h"
1 catastrophic error detected in the compilation of "../FreeRTOS/timers.c".
Compilation terminated.
gmake: *** [FreeRTOS/timers.obj] Error 1
Building file: "../FreeRTOS/portable/CCS/ARM_CM4F/port.c"
Invoking: ARM Compiler
"C:/ti/ccs920/ccs/tools/compiler/ti-cgt-arm_18.12.4.LTS/bin/armcl" -mv7M4 --code_state=16 --float_support=FPv4SPD16 -me --include_path="P:/My Documents/Third Pro/ENCE464/heli" --include_path="C:/ti/ccs920/ccs/tools/compiler/ti-cgt-arm_18.12.4.LTS/include" --define=ccs="ccs" --define=PART_TM4C123GH6PM -g --gcc --diag_warning=225 --diag_wrap=off --display_error_number --abi=eabi --preproc_with_compile --preproc_dependency="FreeRTOS/portable/CCS/ARM_CM4F/port.d_raw" --obj_directory="FreeRTOS/portable/CCS/ARM_CM4F"  "../FreeRTOS/portable/CCS/ARM_CM4F/port.c"
 
>> Compilation failure
FreeRTOS/portable/CCS/ARM_CM4F/subdir_rules.mk:9: recipe for target 'FreeRTOS/portable/CCS/ARM_CM4F/port.obj' failed
"../FreeRTOS/portable/CCS/ARM_CM4F/port.c", line 33: fatal error #1965: cannot open source file "FreeRTOS.h"
1 catastrophic error detected in the compilation of "../FreeRTOS/portable/CCS/ARM_CM4F/port.c".
Compilation terminated.
gmake: *** [FreeRTOS/portable/CCS/ARM_CM4F/port.obj] Error 1
Building file: "../FreeRTOS/portable/MemMang/heap_2.c"
Invoking: ARM Compiler
"C:/ti/ccs920/ccs/tools/compiler/ti-cgt-arm_18.12.4.LTS/bin/armcl" -mv7M4 --code_state=16 --float_support=FPv4SPD16 -me --include_path="P:/My Documents/Third Pro/ENCE464/heli" --include_path="C:/ti/ccs920/ccs/tools/compiler/ti-cgt-arm_18.12.4.LTS/include" --define=ccs="ccs" --define=PART_TM4C123GH6PM -g --gcc --diag_warning=225 --diag_wrap=off --display_error_number --abi=eabi --preproc_with_compile --preproc_dependency="FreeRTOS/portable/MemMang/heap_2.d_raw" --obj_directory="FreeRTOS/portable/MemMang"  "../FreeRTOS/portable/MemMang/heap_2.c"
 
>> Compilation failure
FreeRTOS/portable/MemMang/subdir_rules.mk:9: recipe for target 'FreeRTOS/portable/MemMang/heap_2.obj' failed
"../FreeRTOS/portable/MemMang/heap_2.c", line 44: fatal error #1965: cannot open source file "FreeRTOS.h"
1 catastrophic error detected in the compilation of "../FreeRTOS/portable/MemMang/heap_2.c".
Compilation terminated.
gmake: *** [FreeRTOS/portable/MemMang/heap_2.obj] Error 1
Building file: "../FreeRTOS/portable/CCS/ARM_CM4F/portasm.asm"
Invoking: ARM Compiler
"C:/ti/ccs920/ccs/tools/compiler/ti-cgt-arm_18.12.4.LTS/bin/armcl" -mv7M4 --code_state=16 --float_support=FPv4SPD16 -me --include_path="P:/My Documents/Third Pro/ENCE464/heli" --include_path="C:/ti/ccs920/ccs/tools/compiler/ti-cgt-arm_18.12.4.LTS/include" --define=ccs="ccs" --define=PART_TM4C123GH6PM -g --gcc --diag_warning=225 --diag_wrap=off --display_error_number --abi=eabi --preproc_with_compile --preproc_dependency="FreeRTOS/portable/CCS/ARM_CM4F/portasm.d_raw" --obj_directory="FreeRTOS/portable/CCS/ARM_CM4F"  "../FreeRTOS/portable/CCS/ARM_CM4F/portasm.asm"
Finished building: "../FreeRTOS/portable/CCS/ARM_CM4F/portasm.asm"
 
gmake: Target 'all' not remade because of errors.

**** Build Finished ****

**** Build of configuration Debug for project heli ****

"C:\\ti\\ccs920\\ccs\\utils\\bin\\gmake" -k -j 8 all -O 
 
Building file: "../tm4c123gh6pm_startup_ccs.c"
Invoking: ARM Compiler
"C:/ti/ccs920/ccs/tools/compiler/ti-cgt-arm_18.12.4.LTS/bin/armcl" -mv7M4 --code_state=16 --float_support=FPv4SPD16 -me --include_path="P:/My Documents/Third Pro/ENCE464/heli" --include_path="P:/My Documents/Third Pro/ENCE464/heli/FreeRTOS/include" --include_path="P:/My Documents/Third Pro/ENCE464/heli/FreeRTOS/portable/CCS/ARM_CM4F" --include_path="C:/ti/TivaWare_C_Series-2.1.4.178" --include_path="C:/ti/ccs920/ccs/tools/compiler/ti-cgt-arm_18.12.4.LTS/include" --define=ccs="ccs" --define=PART_TM4C123GH6PM -g --gcc --diag_warning=225 --diag_wrap=off --display_error_number --abi=eabi --preproc_with_compile --preproc_dependency="tm4c123gh6pm_startup_ccs.d_raw"  "../tm4c123gh6pm_startup_ccs.c"
Finished building: "../tm4c123gh6pm_startup_ccs.c"
 
Building file: "../FreeRTOS/croutine.c"
Invoking: ARM Compiler
"C:/ti/ccs920/ccs/tools/compiler/ti-cgt-arm_18.12.4.LTS/bin/armcl" -mv7M4 --code_state=16 --float_support=FPv4SPD16 -me --include_path="P:/My Documents/Third Pro/ENCE464/heli" --include_path="P:/My Documents/Third Pro/ENCE464/heli/FreeRTOS/include" --include_path="P:/My Documents/Third Pro/ENCE464/heli/FreeRTOS/portable/CCS/ARM_CM4F" --include_path="C:/ti/TivaWare_C_Series-2.1.4.178" --include_path="C:/ti/ccs920/ccs/tools/compiler/ti-cgt-arm_18.12.4.LTS/include" --define=ccs="ccs" --define=PART_TM4C123GH6PM -g --gcc --diag_warning=225 --diag_wrap=off --display_error_number --abi=eabi --preproc_with_compile --preproc_dependency="FreeRTOS/croutine.d_raw" --obj_directory="FreeRTOS"  "../FreeRTOS/croutine.c"
Finished building: "../FreeRTOS/croutine.c"
 
Building file: "../FreeRTOS/list.c"
Invoking: ARM Compiler
"C:/ti/ccs920/ccs/tools/compiler/ti-cgt-arm_18.12.4.LTS/bin/armcl" -mv7M4 --code_state=16 --float_support=FPv4SPD16 -me --include_path="P:/My Documents/Third Pro/ENCE464/heli" --include_path="P:/My Documents/Third Pro/ENCE464/heli/FreeRTOS/include" --include_path="P:/My Documents/Third Pro/ENCE464/heli/FreeRTOS/portable/CCS/ARM_CM4F" --include_path="C:/ti/TivaWare_C_Series-2.1.4.178" --include_path="C:/ti/ccs920/ccs/tools/compiler/ti-cgt-arm_18.12.4.LTS/include" --define=ccs="ccs" --define=PART_TM4C123GH6PM -g --gcc --diag_warning=225 --diag_wrap=off --display_error_number --abi=eabi --preproc_with_compile --preproc_dependency="FreeRTOS/list.d_raw" --obj_directory="FreeRTOS"  "../FreeRTOS/list.c"
Finished building: "../FreeRTOS/list.c"
 
Building file: "../main.c"
Invoking: ARM Compiler
"C:/ti/ccs920/ccs/tools/compiler/ti-cgt-arm_18.12.4.LTS/bin/armcl" -mv7M4 --code_state=16 --float_support=FPv4SPD16 -me --include_path="P:/My Documents/Third Pro/ENCE464/heli" --include_path="P:/My Documents/Third Pro/ENCE464/heli/FreeRTOS/include" --include_path="P:/My Documents/Third Pro/ENCE464/heli/FreeRTOS/portable/CCS/ARM_CM4F" --include_path="C:/ti/TivaWare_C_Series-2.1.4.178" --include_path="C:/ti/ccs920/ccs/tools/compiler/ti-cgt-arm_18.12.4.LTS/include" --define=ccs="ccs" --define=PART_TM4C123GH6PM -g --gcc --diag_warning=225 --diag_wrap=off --display_error_number --abi=eabi --preproc_with_compile --preproc_dependency="main.d_raw"  "../main.c"
Finished building: "../main.c"
 
Building file: "../FreeRTOS/event_groups.c"
Invoking: ARM Compiler
"C:/ti/ccs920/ccs/tools/compiler/ti-cgt-arm_18.12.4.LTS/bin/armcl" -mv7M4 --code_state=16 --float_support=FPv4SPD16 -me --include_path="P:/My Documents/Third Pro/ENCE464/heli" --include_path="P:/My Documents/Third Pro/ENCE464/heli/FreeRTOS/include" --include_path="P:/My Documents/Third Pro/ENCE464/heli/FreeRTOS/portable/CCS/ARM_CM4F" --include_path="C:/ti/TivaWare_C_Series-2.1.4.178" --include_path="C:/ti/ccs920/ccs/tools/compiler/ti-cgt-arm_18.12.4.LTS/include" --define=ccs="ccs" --define=PART_TM4C123GH6PM -g --gcc --diag_warning=225 --diag_wrap=off --display_error_number --abi=eabi --preproc_with_compile --preproc_dependency="FreeRTOS/event_groups.d_raw" --obj_directory="FreeRTOS"  "../FreeRTOS/event_groups.c"
Finished building: "../FreeRTOS/event_groups.c"
 
Building file: "../FreeRTOS/portable/CCS/ARM_CM4F/portasm.asm"
Invoking: ARM Compiler
"C:/ti/ccs920/ccs/tools/compiler/ti-cgt-arm_18.12.4.LTS/bin/armcl" -mv7M4 --code_state=16 --float_support=FPv4SPD16 -me --include_path="P:/My Documents/Third Pro/ENCE464/heli" --include_path="P:/My Documents/Third Pro/ENCE464/heli/FreeRTOS/include" --include_path="P:/My Documents/Third Pro/ENCE464/heli/FreeRTOS/portable/CCS/ARM_CM4F" --include_path="C:/ti/TivaWare_C_Series-2.1.4.178" --include_path="C:/ti/ccs920/ccs/tools/compiler/ti-cgt-arm_18.12.4.LTS/include" --define=ccs="ccs" --define=PART_TM4C123GH6PM -g --gcc --diag_warning=225 --diag_wrap=off --display_error_number --abi=eabi --preproc_with_compile --preproc_dependency="FreeRTOS/portable/CCS/ARM_CM4F/portasm.d_raw" --obj_directory="FreeRTOS/portable/CCS/ARM_CM4F"  "../FreeRTOS/portable/CCS/ARM_CM4F/portasm.asm"
Finished building: "../FreeRTOS/portable/CCS/ARM_CM4F/portasm.asm"
 
Building file: "../FreeRTOS/timers.c"
Invoking: ARM Compiler
"C:/ti/ccs920/ccs/tools/compiler/ti-cgt-arm_18.12.4.LTS/bin/armcl" -mv7M4 --code_state=16 --float_support=FPv4SPD16 -me --include_path="P:/My Documents/Third Pro/ENCE464/heli" --include_path="P:/My Documents/Third Pro/ENCE464/heli/FreeRTOS/include" --include_path="P:/My Documents/Third Pro/ENCE464/heli/FreeRTOS/portable/CCS/ARM_CM4F" --include_path="C:/ti/TivaWare_C_Series-2.1.4.178" --include_path="C:/ti/ccs920/ccs/tools/compiler/ti-cgt-arm_18.12.4.LTS/include" --define=ccs="ccs" --define=PART_TM4C123GH6PM -g --gcc --diag_warning=225 --diag_wrap=off --display_error_number --abi=eabi --preproc_with_compile --preproc_dependency="FreeRTOS/timers.d_raw" --obj_directory="FreeRTOS"  "../FreeRTOS/timers.c"
Finished building: "../FreeRTOS/timers.c"
 
Building file: "../FreeRTOS/stream_buffer.c"
Invoking: ARM Compiler
"C:/ti/ccs920/ccs/tools/compiler/ti-cgt-arm_18.12.4.LTS/bin/armcl" -mv7M4 --code_state=16 --float_support=FPv4SPD16 -me --include_path="P:/My Documents/Third Pro/ENCE464/heli" --include_path="P:/My Documents/Third Pro/ENCE464/heli/FreeRTOS/include" --include_path="P:/My Documents/Third Pro/ENCE464/heli/FreeRTOS/portable/CCS/ARM_CM4F" --include_path="C:/ti/TivaWare_C_Series-2.1.4.178" --include_path="C:/ti/ccs920/ccs/tools/compiler/ti-cgt-arm_18.12.4.LTS/include" --define=ccs="ccs" --define=PART_TM4C123GH6PM -g --gcc --diag_warning=225 --diag_wrap=off --display_error_number --abi=eabi --preproc_with_compile --preproc_dependency="FreeRTOS/stream_buffer.d_raw" --obj_directory="FreeRTOS"  "../FreeRTOS/stream_buffer.c"
Finished building: "../FreeRTOS/stream_buffer.c"
 
Building file: "../FreeRTOS/queue.c"
Invoking: ARM Compiler
"C:/ti/ccs920/ccs/tools/compiler/ti-cgt-arm_18.12.4.LTS/bin/armcl" -mv7M4 --code_state=16 --float_support=FPv4SPD16 -me --include_path="P:/My Documents/Third Pro/ENCE464/heli" --include_path="P:/My Documents/Third Pro/ENCE464/heli/FreeRTOS/include" --include_path="P:/My Documents/Third Pro/ENCE464/heli/FreeRTOS/portable/CCS/ARM_CM4F" --include_path="C:/ti/TivaWare_C_Series-2.1.4.178" --include_path="C:/ti/ccs920/ccs/tools/compiler/ti-cgt-arm_18.12.4.LTS/include" --define=ccs="ccs" --define=PART_TM4C123GH6PM -g --gcc --diag_warning=225 --diag_wrap=off --display_error_number --abi=eabi --preproc_with_compile --preproc_dependency="FreeRTOS/queue.d_raw" --obj_directory="FreeRTOS"  "../FreeRTOS/queue.c"
Finished building: "../FreeRTOS/queue.c"
 
Building file: "../FreeRTOS/portable/CCS/ARM_CM4F/port.c"
Invoking: ARM Compiler
"C:/ti/ccs920/ccs/tools/compiler/ti-cgt-arm_18.12.4.LTS/bin/armcl" -mv7M4 --code_state=16 --float_support=FPv4SPD16 -me --include_path="P:/My Documents/Third Pro/ENCE464/heli" --include_path="P:/My Documents/Third Pro/ENCE464/heli/FreeRTOS/include" --include_path="P:/My Documents/Third Pro/ENCE464/heli/FreeRTOS/portable/CCS/ARM_CM4F" --include_path="C:/ti/TivaWare_C_Series-2.1.4.178" --include_path="C:/ti/ccs920/ccs/tools/compiler/ti-cgt-arm_18.12.4.LTS/include" --define=ccs="ccs" --define=PART_TM4C123GH6PM -g --gcc --diag_warning=225 --diag_wrap=off --display_error_number --abi=eabi --preproc_with_compile --preproc_dependency="FreeRTOS/portable/CCS/ARM_CM4F/port.d_raw" --obj_directory="FreeRTOS/portable/CCS/ARM_CM4F"  "../FreeRTOS/portable/CCS/ARM_CM4F/port.c"
Finished building: "../FreeRTOS/portable/CCS/ARM_CM4F/port.c"
 
Building file: "../FreeRTOS/portable/MemMang/heap_2.c"
Invoking: ARM Compiler
"C:/ti/ccs920/ccs/tools/compiler/ti-cgt-arm_18.12.4.LTS/bin/armcl" -mv7M4 --code_state=16 --float_support=FPv4SPD16 -me --include_path="P:/My Documents/Third Pro/ENCE464/heli" --include_path="P:/My Documents/Third Pro/ENCE464/heli/FreeRTOS/include" --include_path="P:/My Documents/Third Pro/ENCE464/heli/FreeRTOS/portable/CCS/ARM_CM4F" --include_path="C:/ti/TivaWare_C_Series-2.1.4.178" --include_path="C:/ti/ccs920/ccs/tools/compiler/ti-cgt-arm_18.12.4.LTS/include" --define=ccs="ccs" --define=PART_TM4C123GH6PM -g --gcc --diag_warning=225 --diag_wrap=off --display_error_number --abi=eabi --preproc_with_compile --preproc_dependency="FreeRTOS/portable/MemMang/heap_2.d_raw" --obj_directory="FreeRTOS/portable/MemMang"  "../FreeRTOS/portable/MemMang/heap_2.c"
Finished building: "../FreeRTOS/portable/MemMang/heap_2.c"
 
Building file: "../FreeRTOS/tasks.c"
Invoking: ARM Compiler
"C:/ti/ccs920/ccs/tools/compiler/ti-cgt-arm_18.12.4.LTS/bin/armcl" -mv7M4 --code_state=16 --float_support=FPv4SPD16 -me --include_path="P:/My Documents/Third Pro/ENCE464/heli" --include_path="P:/My Documents/Third Pro/ENCE464/heli/FreeRTOS/include" --include_path="P:/My Documents/Third Pro/ENCE464/heli/FreeRTOS/portable/CCS/ARM_CM4F" --include_path="C:/ti/TivaWare_C_Series-2.1.4.178" --include_path="C:/ti/ccs920/ccs/tools/compiler/ti-cgt-arm_18.12.4.LTS/include" --define=ccs="ccs" --define=PART_TM4C123GH6PM -g --gcc --diag_warning=225 --diag_wrap=off --display_error_number --abi=eabi --preproc_with_compile --preproc_dependency="FreeRTOS/tasks.d_raw" --obj_directory="FreeRTOS"  "../FreeRTOS/tasks.c"
Finished building: "../FreeRTOS/tasks.c"
 
Building target: "heli.out"
Invoking: ARM Linker
"C:/ti/ccs920/ccs/tools/compiler/ti-cgt-arm_18.12.4.LTS/bin/armcl" -mv7M4 --code_state=16 --float_support=FPv4SPD16 -me --define=ccs="ccs" --define=PART_TM4C123GH6PM -g --gcc --diag_warning=225 --diag_wrap=off --display_error_number --abi=eabi -z -m"heli.map" --heap_size=0 --stack_size=512 -i"C:/ti/ccs920/ccs/tools/compiler/ti-cgt-arm_18.12.4.LTS/lib" -i"C:/ti/ccs920/ccs/tools/compiler/ti-cgt-arm_18.12.4.LTS/include" --reread_libs --diag_wrap=off --display_error_number --warn_sections --xml_link_info="heli_linkInfo.xml" --rom_model -o "heli.out" "./main.obj" "./tm4c123gh6pm_startup_ccs.obj" "./FreeRTOS/croutine.obj" "./FreeRTOS/event_groups.obj" "./FreeRTOS/list.obj" "./FreeRTOS/queue.obj" "./FreeRTOS/stream_buffer.obj" "./FreeRTOS/tasks.obj" "./FreeRTOS/timers.obj" "./FreeRTOS/portable/CCS/ARM_CM4F/port.obj" "./FreeRTOS/portable/CCS/ARM_CM4F/portasm.obj" "./FreeRTOS/portable/MemMang/heap_2.obj" "../tm4c123gh6pm.cmd"  -llibc.a 
<Linking>
 
 undefined              first referenced
  symbol                    in file     
 ---------              ----------------
 GPIOPadConfigSet       ./main.obj      
 GPIOPinTypeGPIOOutput  ./main.obj      
 GPIOPinWrite           ./main.obj      
 SysCtlClockSet         ./main.obj      
 SysCtlPeripheralEnable ./main.obj      
 SysCtlPeripheralReady  ./main.obj      
 
 
error #10234-D: unresolved symbols remain
>> Compilation failure
makefile:158: recipe for target 'heli.out' failed
error #10010: errors encountered during linking; "heli.out" not built
gmake[1]: *** [heli.out] Error 1
gmake: *** [all] Error 2
makefile:154: recipe for target 'all' failed

**** Build Finished ****

**** Build of configuration Debug for project heli ****

"C:\\ti\\ccs920\\ccs\\utils\\bin\\gmake" -k -j 8 all -O 
 
Building target: "heli.out"
Invoking: ARM Linker
"C:/ti/ccs920/ccs/tools/compiler/ti-cgt-arm_18.12.4.LTS/bin/armcl" -mv7M4 --code_state=16 --float_support=FPv4SPD16 -me --define=ccs="ccs" --define=PART_TM4C123GH6PM -g --gcc --diag_warning=225 --diag_wrap=off --display_error_number --abi=eabi -z -m"heli.map" --heap_size=0 --stack_size=512 -i"C:/ti/ccs920/ccs/tools/compiler/ti-cgt-arm_18.12.4.LTS/lib" -i"C:/ti/ccs920/ccs/tools/compiler/ti-cgt-arm_18.12.4.LTS/include" --reread_libs --diag_wrap=off --display_error_number --warn_sections --xml_link_info="heli_linkInfo.xml" --rom_model -o "heli.out" "./main.obj" "./tm4c123gh6pm_startup_ccs.obj" "./FreeRTOS/croutine.obj" "./FreeRTOS/event_groups.obj" "./FreeRTOS/list.obj" "./FreeRTOS/queue.obj" "./FreeRTOS/stream_buffer.obj" "./FreeRTOS/tasks.obj" "./FreeRTOS/timers.obj" "./FreeRTOS/portable/CCS/ARM_CM4F/port.obj" "./FreeRTOS/portable/CCS/ARM_CM4F/portasm.obj" "./FreeRTOS/portable/MemMang/heap_2.obj" "../tm4c123gh6pm.cmd"  -llibc.a -l"C:/ti/TivaWare_C_Series-2.1.4.178/driverlib/ccs/Debug/driverlib.lib" 
<Linking>
Finished building target: "heli.out"
 

**** Build Finished ****

**** Build of configuration Debug for project heli ****

"C:\\ti\\ccs920\\ccs\\utils\\bin\\gmake" -k -j 8 all -O 
 
Building target: "heli.out"
Invoking: ARM Linker
"C:/ti/ccs920/ccs/tools/compiler/ti-cgt-arm_18.12.4.LTS/bin/armcl" -mv7M4 --code_state=16 --float_support=FPv4SPD16 -me --define=ccs="ccs" --define=PART_TM4C123GH6PM -g --gcc --diag_warning=225 --diag_wrap=off --display_error_number --abi=eabi -z -m"heli.map" --heap_size=4096 --stack_size=4096 -i"C:/ti/ccs920/ccs/tools/compiler/ti-cgt-arm_18.12.4.LTS/lib" -i"C:/ti/ccs920/ccs/tools/compiler/ti-cgt-arm_18.12.4.LTS/include" --reread_libs --diag_wrap=off --display_error_number --warn_sections --xml_link_info="heli_linkInfo.xml" --rom_model -o "heli.out" "./main.obj" "./tm4c123gh6pm_startup_ccs.obj" "./FreeRTOS/croutine.obj" "./FreeRTOS/event_groups.obj" "./FreeRTOS/list.obj" "./FreeRTOS/queue.obj" "./FreeRTOS/stream_buffer.obj" "./FreeRTOS/tasks.obj" "./FreeRTOS/timers.obj" "./FreeRTOS/portable/CCS/ARM_CM4F/port.obj" "./FreeRTOS/portable/CCS/ARM_CM4F/portasm.obj" "./FreeRTOS/portable/MemMang/heap_2.obj" "../tm4c123gh6pm.cmd"  -llibc.a -l"C:/ti/TivaWare_C_Series-2.1.4.178/driverlib/ccs/Debug/driverlib.lib" 
<Linking>
Finished building target: "heli.out"
 

**** Build Finished ****

**** Build of configuration Debug for project heli ****

"C:\\ti\\ccs920\\ccs\\utils\\bin\\gmake" -k -j 8 all -O 
 
gmake[1]: 'heli.out' is up to date.

**** Build Finished ****

**** Build of configuration Debug for project heli ****

"C:\\ti\\ccs920\\ccs\\utils\\bin\\gmake" -k -j 8 all -O 
 
Building target: "heli.out"
Invoking: ARM Linker
"C:/ti/ccs920/ccs/tools/compiler/ti-cgt-arm_18.12.4.LTS/bin/armcl" -mv7M4 --code_state=16 --float_support=FPv4SPD16 -me --define=ccs="ccs" --define=PART_TM4C123GH6PM -g --gcc --diag_warning=225 --diag_wrap=off --display_error_number --abi=eabi -z -m"heli.map" --heap_size=4096 --stack_size=4096 -i"C:/ti/ccs920/ccs/tools/compiler/ti-cgt-arm_18.12.4.LTS/lib" -i"C:/ti/ccs920/ccs/tools/compiler/ti-cgt-arm_18.12.4.LTS/include" --reread_libs --diag_wrap=off --display_error_number --warn_sections --xml_link_info="heli_linkInfo.xml" --rom_model -o "heli.out" "./main.obj" "./tm4c123gh6pm_startup_ccs.obj" "./FreeRTOS/croutine.obj" "./FreeRTOS/event_groups.obj" "./FreeRTOS/list.obj" "./FreeRTOS/queue.obj" "./FreeRTOS/stream_buffer.obj" "./FreeRTOS/tasks.obj" "./FreeRTOS/timers.obj" "./FreeRTOS/portable/CCS/ARM_CM4F/port.obj" "./FreeRTOS/portable/CCS/ARM_CM4F/portasm.obj" "./FreeRTOS/portable/MemMang/heap_2.obj" "../tm4c123gh6pm.cmd"  -llibc.a -l"C:/ti/TivaWare_C_Series-2.1.4.178/driverlib/ccs/Debug/driverlib.lib" 
<Linking>
Finished building target: "heli.out"
 

**** Build Finished ****
